1517607094474	geckodriver	INFO	geckodriver 0.19.1
1517607094486	geckodriver	INFO	Listening on 127.0.0.1:43165
1517607095706	mozrunner::runner	INFO	Running command: "/usr/bin/firefox" "-marionette" "-profile" "/tmp/rust_mozprofile.jfp3IkroNlY5"
1517607097569	Marionette	INFO	Enabled via --marionette
1517607101734	Marionette	INFO	Listening on port 35015
1517607102686	Marionette	WARN	TLS certificate errors will be ignored for this session

(/usr/lib/firefox/firefox:16537): dconf-WARNING **: Unable to open /var/lib/snapd/desktop/dconf/profile/user: Permiso denegado
[Child 16537, Chrome_ChildThread] WARNING: pipe error (18): Conexión reinicializada por la máquina remota: file /build/firefox-vacibS/firefox-58.0~b16+build1/ipc/chromium/src/chrome/common/ipc_channel_posix.cc, line 353
[Child 16537, Chrome_ChildThread] WARNING: pipe error (3): Conexión reinicializada por la máquina remota: file /build/firefox-vacibS/firefox-58.0~b16+build1/ipc/chromium/src/chrome/common/ipc_channel_posix.cc, line 353
1517609674968	geckodriver	INFO	geckodriver 0.19.1
1517609674978	geckodriver	INFO	Listening on 127.0.0.1:48093
1517609676199	mozrunner::runner	INFO	Running command: "/usr/bin/firefox" "-marionette" "-profile" "/tmp/rust_mozprofile.0iEtI7JKgI5G"
1517609678128	Marionette	INFO	Enabled via --marionette
1517609682450	Marionette	INFO	Listening on port 38423
1517609682555	Marionette	WARN	TLS certificate errors will be ignored for this session

(/usr/lib/firefox/firefox:18096): dconf-WARNING **: Unable to open /var/lib/snapd/desktop/dconf/profile/user: Permiso denegado
[Child 18096, Chrome_ChildThread] WARNING: pipe error (21): Conexión reinicializada por la máquina remota: file /build/firefox-vacibS/firefox-58.0~b16+build1/ipc/chromium/src/chrome/common/ipc_channel_posix.cc, line 353
[Child 18096, Chrome_ChildThread] WARNING: pipe error (3): Conexión reinicializada por la máquina remota: file /build/firefox-vacibS/firefox-58.0~b16+build1/ipc/chromium/src/chrome/common/ipc_channel_posix.cc, line 353
1519240974708	geckodriver	INFO	geckodriver 0.19.1
1519240974748	geckodriver	INFO	Listening on 127.0.0.1:35563
1519240976356	mozrunner::runner	INFO	Running command: "/usr/bin/firefox" "-marionette" "-profile" "/tmp/rust_mozprofile.jgAXtDoTlSim"
1519240989956	Marionette	INFO	Enabled via --marionette
1519240999384	Marionette	INFO	Listening on port 35195
1519241000144	Marionette	WARN	TLS certificate errors will be ignored for this session
